<?xml version="1.0" encoding="UTF-8"?>
<!-- Generated by org.testng.reporters.JUnitReportReporter -->
<testsuite name="core.DPCSVTMTest" tests="1" time="0.000" ignored="0" failures="0" timestamp="29 Jan 2017 16:13:59 GMT" skipped="1" hostname="DmitryFRAMEWORK" errors="0">
  <testcase name="test" time="0.000" classname="core.DPCSVTMTest">
    <skipped/>
  </testcase> <!-- test -->
</testsuite> <!-- core.DPCSVTMTest -->
